=========================================================
============   QUEUEING NETWORK SIMULATOR   =============
===================   version 2.0    ====================
==================    (March 2013)    ===================
================    by Gabriel Couto    =================
=========================================================
=====  developed during the undergraduate class on  =====
====== Performance Evaluation of Systems (2012/2)  ======
=====      taught by Prof. Afonso Sales at          =====
======   Faculty of Informatics (FACIN/PUCRS)      ======
=========================================================
Simulation: #1
...simulating with random numbers (seed '1')...
=========================================================
=================    END OF SIMULATION   ================
=========================================================

=========================================================
======================    REPORT   ======================
=========================================================
*********************************************************
Queue:   Q1 (G/G/1)
Arrival: 1.0 ... 4.0
Service: 1.0 ... 1.5
*********************************************************
   State               Time               Probability
      0           14353.6410                35.56%
      1           20737.6384                51.37%
      2            4787.7454                11.86%
      3             462.9984                 1.15%
      4              24.8435                 0.06%

Number of losses: 0

*********************************************************
Queue:   Q2 (G/G/3/5)
Service: 5.0 ... 10.0
*********************************************************
   State               Time               Probability
      0              32.1131                 0.08%
      1             406.7523                 1.01%
      2            2581.8538                 6.40%
      3            8468.7403                20.98%
      4           15158.5846                37.55%
      5           13718.8225                33.99%

Number of losses: 4786

*********************************************************
Queue:   Q3 (G/G/2/8)
Service: 10.0 ... 20.0
*********************************************************
   State               Time               Probability
      0               2.3660                 0.01%
      1              15.5488                 0.04%
      2               3.6917                 0.01%
      3               1.5791                 0.00%
      4              22.6176                 0.06%
      5             132.8588                 0.33%
      6            3021.4918                 7.49%
      7           12856.5028                31.85%
      8           24310.2101                60.22%

Number of losses: 6588

=========================================================
Simulation average time: 40366.8667
=========================================================